[ 2014-08-05T09:30:49+08:00 ] 127.0.0.1 /visaadmin.php
INFO: [ app_begin ] --START--
INFO: ReadHtmlCache Behavior ::run [ RunTime:0.001929s ]
INFO: [ app_begin ] --END-- [ RunTime:0.002076s ]
INFO: [ view_parse ] --START--
INFO: ParseTemplate Behavior ::run [ RunTime:0.035742s ]
INFO: [ view_parse ] --END-- [ RunTime:0.035892s ]
INFO: [ view_filter ] --START--
INFO: ContentReplace Behavior ::run [ RunTime:0.001181s ]
INFO: TokenBuild Behavior ::run [ RunTime:0.001165s ]
INFO: WriteHtmlCache Behavior ::run [ RunTime:0.001023s ]
INFO: ShowRuntime Behavior ::run [ RunTime:0.003291s ]
INFO: [ view_filter ] --END-- [ RunTime:0.007012s ]
INFO: [ view_end ] --START--
INFO: ShowPageTrace Behavior ::run [ RunTime:0.001635s ]
INFO: [ view_end ] --END-- [ RunTime:0.001768s ]

[ 2014-08-05T09:30:51+08:00 ] 127.0.0.1 /visaadmin.php
INFO: [ app_begin ] --START--
INFO: ReadHtmlCache Behavior ::run [ RunTime:0.001259s ]
INFO: [ app_begin ] --END-- [ RunTime:0.001390s ]
INFO: [ view_parse ] --START--
INFO: ParseTemplate Behavior ::run [ RunTime:0.012914s ]
INFO: [ view_parse ] --END-- [ RunTime:0.013059s ]
INFO: [ view_filter ] --START--
INFO: ContentReplace Behavior ::run [ RunTime:0.001378s ]
INFO: TokenBuild Behavior ::run [ RunTime:0.001212s ]
INFO: WriteHtmlCache Behavior ::run [ RunTime:0.000970s ]
INFO: ShowRuntime Behavior ::run [ RunTime:0.001196s ]
INFO: [ view_filter ] --END-- [ RunTime:0.005253s ]
INFO: [ view_end ] --START--
INFO: ShowPageTrace Behavior ::run [ RunTime:0.001236s ]
INFO: [ view_end ] --END-- [ RunTime:0.001341s ]

[ 2014-08-05T09:31:22+08:00 ] 127.0.0.1 /visaadmin.php
INFO: [ app_begin ] --START--
INFO: ReadHtmlCache Behavior ::run [ RunTime:0.000760s ]
INFO: [ app_begin ] --END-- [ RunTime:0.000898s ]
INFO: [ view_parse ] --START--
INFO: ParseTemplate Behavior ::run [ RunTime:0.008123s ]
INFO: [ view_parse ] --END-- [ RunTime:0.008301s ]
INFO: [ view_filter ] --START--
INFO: ContentReplace Behavior ::run [ RunTime:0.000646s ]
INFO: TokenBuild Behavior ::run [ RunTime:0.000563s ]
INFO: WriteHtmlCache Behavior ::run [ RunTime:0.000417s ]
INFO: ShowRuntime Behavior ::run [ RunTime:0.000613s ]
INFO: [ view_filter ] --END-- [ RunTime:0.002587s ]
INFO: [ view_end ] --START--
INFO: ShowPageTrace Behavior ::run [ RunTime:0.000695s ]
INFO: [ view_end ] --END-- [ RunTime:0.000807s ]

[ 2014-08-05T09:31:23+08:00 ] 127.0.0.1 /visaadmin.php
INFO: [ app_begin ] --START--
INFO: ReadHtmlCache Behavior ::run [ RunTime:0.001126s ]
INFO: [ app_begin ] --END-- [ RunTime:0.001256s ]
INFO: [ view_parse ] --START--
INFO: ParseTemplate Behavior ::run [ RunTime:0.009538s ]
INFO: [ view_parse ] --END-- [ RunTime:0.009672s ]
INFO: [ view_filter ] --START--
INFO: ContentReplace Behavior ::run [ RunTime:0.000657s ]
INFO: TokenBuild Behavior ::run [ RunTime:0.000682s ]
INFO: WriteHtmlCache Behavior ::run [ RunTime:0.000517s ]
INFO: ShowRuntime Behavior ::run [ RunTime:0.000784s ]
INFO: [ view_filter ] --END-- [ RunTime:0.002929s ]
INFO: [ view_end ] --START--
INFO: ShowPageTrace Behavior ::run [ RunTime:0.001084s ]
INFO: [ view_end ] --END-- [ RunTime:0.001199s ]

[ 2014-08-05T09:33:19+08:00 ] 127.0.0.1 /visaadmin.php
INFO: [ app_begin ] --START--
INFO: ReadHtmlCache Behavior ::run [ RunTime:0.001758s ]
INFO: [ app_begin ] --END-- [ RunTime:0.001929s ]
SQL: SHOW COLUMNS FROM `visa_question` [ RunTime:0.002406s ]
SQL: SELECT * FROM `visa_question`  [ RunTime:0.001164s ]
INFO: [ view_parse ] --START--
INFO: ParseTemplate Behavior ::run [ RunTime:0.013214s ]
INFO: [ view_parse ] --END-- [ RunTime:0.013353s ]
INFO: [ view_filter ] --START--
INFO: ContentReplace Behavior ::run [ RunTime:0.001103s ]
INFO: TokenBuild Behavior ::run [ RunTime:0.001103s ]
INFO: WriteHtmlCache Behavior ::run [ RunTime:0.000999s ]
INFO: ShowRuntime Behavior ::run [ RunTime:0.001179s ]
INFO: [ view_filter ] --END-- [ RunTime:0.004703s ]
INFO: [ view_end ] --START--
INFO: ShowPageTrace Behavior ::run [ RunTime:0.001232s ]
INFO: [ view_end ] --END-- [ RunTime:0.001339s ]

[ 2014-08-05T09:35:55+08:00 ] 127.0.0.1 /visaadmin.php
INFO: [ app_begin ] --START--
INFO: ReadHtmlCache Behavior ::run [ RunTime:0.001155s ]
INFO: [ app_begin ] --END-- [ RunTime:0.001296s ]
SQL: SHOW COLUMNS FROM `visa_question` [ RunTime:0.003196s ]
SQL: SELECT * FROM `visa_question`  [ RunTime:0.000435s ]
INFO: [ view_parse ] --START--
INFO: ParseTemplate Behavior ::run [ RunTime:0.011184s ]
INFO: [ view_parse ] --END-- [ RunTime:0.011372s ]
INFO: [ view_filter ] --START--
INFO: ContentReplace Behavior ::run [ RunTime:0.000705s ]
INFO: TokenBuild Behavior ::run [ RunTime:0.000664s ]
INFO: WriteHtmlCache Behavior ::run [ RunTime:0.000587s ]
INFO: ShowRuntime Behavior ::run [ RunTime:0.000816s ]
INFO: [ view_filter ] --END-- [ RunTime:0.003071s ]
INFO: [ view_end ] --START--
INFO: ShowPageTrace Behavior ::run [ RunTime:0.000828s ]
INFO: [ view_end ] --END-- [ RunTime:0.000934s ]

[ 2014-08-05T09:48:38+08:00 ] 127.0.0.1 /visaadmin.php/Question/add
INFO: [ route_check ] --START--
INFO: CheckRoute Behavior ::run [ RunTime:0.309916s ]
INFO: [ route_check ] --END-- [ RunTime:0.310065s ]
INFO: [ app_begin ] --START--
INFO: ReadHtmlCache Behavior ::run [ RunTime:0.001372s ]
INFO: [ app_begin ] --END-- [ RunTime:0.001498s ]

[ 2014-08-05T09:48:44+08:00 ] 127.0.0.1 /visaadmin.php/Question/add
INFO: [ route_check ] --START--
INFO: CheckRoute Behavior ::run [ RunTime:0.001578s ]
INFO: [ route_check ] --END-- [ RunTime:0.001718s ]
INFO: [ app_begin ] --START--
INFO: ReadHtmlCache Behavior ::run [ RunTime:0.001030s ]
INFO: [ app_begin ] --END-- [ RunTime:0.001145s ]

[ 2014-08-05T09:49:20+08:00 ] 127.0.0.1 /visaadmin.php/Question/add
INFO: [ route_check ] --START--
INFO: CheckRoute Behavior ::run [ RunTime:0.000948s ]
INFO: [ route_check ] --END-- [ RunTime:0.001081s ]
INFO: [ app_begin ] --START--
INFO: ReadHtmlCache Behavior ::run [ RunTime:0.001024s ]
INFO: [ app_begin ] --END-- [ RunTime:0.001136s ]

[ 2014-08-05T09:49:21+08:00 ] 127.0.0.1 /visaadmin.php/Question/add
INFO: [ route_check ] --START--
INFO: CheckRoute Behavior ::run [ RunTime:0.001016s ]
INFO: [ route_check ] --END-- [ RunTime:0.001154s ]
INFO: [ app_begin ] --START--
INFO: ReadHtmlCache Behavior ::run [ RunTime:0.001008s ]
INFO: [ app_begin ] --END-- [ RunTime:0.001125s ]

[ 2014-08-05T09:49:30+08:00 ] 127.0.0.1 /visaadmin.php/Question/add
INFO: [ route_check ] --START--
INFO: CheckRoute Behavior ::run [ RunTime:0.001513s ]
INFO: [ route_check ] --END-- [ RunTime:0.001657s ]
INFO: [ app_begin ] --START--
INFO: ReadHtmlCache Behavior ::run [ RunTime:0.000988s ]
INFO: [ app_begin ] --END-- [ RunTime:0.001120s ]

[ 2014-08-05T09:50:02+08:00 ] 127.0.0.1 /visaadmin.php/Question/add
INFO: [ route_check ] --START--
INFO: CheckRoute Behavior ::run [ RunTime:0.002348s ]
INFO: [ route_check ] --END-- [ RunTime:0.002653s ]
INFO: [ app_begin ] --START--
INFO: ReadHtmlCache Behavior ::run [ RunTime:0.000842s ]
INFO: [ app_begin ] --END-- [ RunTime:0.000959s ]
INFO: [ view_parse ] --START--
INFO: ParseTemplate Behavior ::run [ RunTime:0.009830s ]
INFO: [ view_parse ] --END-- [ RunTime:0.009979s ]
INFO: [ view_filter ] --START--
INFO: ContentReplace Behavior ::run [ RunTime:0.000797s ]
INFO: TokenBuild Behavior ::run [ RunTime:0.000692s ]
INFO: WriteHtmlCache Behavior ::run [ RunTime:0.000547s ]
INFO: ShowRuntime Behavior ::run [ RunTime:0.000893s ]
INFO: [ view_filter ] --END-- [ RunTime:0.003246s ]
INFO: [ view_end ] --START--
INFO: ShowPageTrace Behavior ::run [ RunTime:0.000900s ]
INFO: [ view_end ] --END-- [ RunTime:0.001008s ]

[ 2014-08-05T09:50:17+08:00 ] 127.0.0.1 /visaadmin.php/Question/add
INFO: [ route_check ] --START--
INFO: CheckRoute Behavior ::run [ RunTime:0.001482s ]
INFO: [ route_check ] --END-- [ RunTime:0.001623s ]
INFO: [ app_begin ] --START--
INFO: ReadHtmlCache Behavior ::run [ RunTime:0.003525s ]
INFO: [ app_begin ] --END-- [ RunTime:0.003653s ]
INFO: [ view_parse ] --START--
INFO: ParseTemplate Behavior ::run [ RunTime:0.010664s ]
INFO: [ view_parse ] --END-- [ RunTime:0.010801s ]
INFO: [ view_filter ] --START--
INFO: ContentReplace Behavior ::run [ RunTime:0.013701s ]
INFO: TokenBuild Behavior ::run [ RunTime:0.001541s ]
INFO: WriteHtmlCache Behavior ::run [ RunTime:0.000989s ]
INFO: ShowRuntime Behavior ::run [ RunTime:0.001256s ]
INFO: [ view_filter ] --END-- [ RunTime:0.017833s ]
INFO: [ view_end ] --START--
INFO: ShowPageTrace Behavior ::run [ RunTime:0.001394s ]
INFO: [ view_end ] --END-- [ RunTime:0.001513s ]

[ 2014-08-05T09:51:16+08:00 ] 127.0.0.1 /visaadmin.php/Question/add
INFO: [ route_check ] --START--
INFO: CheckRoute Behavior ::run [ RunTime:0.001376s ]
INFO: [ route_check ] --END-- [ RunTime:0.001819s ]
INFO: [ app_begin ] --START--
INFO: ReadHtmlCache Behavior ::run [ RunTime:0.000907s ]
INFO: [ app_begin ] --END-- [ RunTime:0.001042s ]
INFO: [ view_parse ] --START--
INFO: ParseTemplate Behavior ::run [ RunTime:0.009208s ]
INFO: [ view_parse ] --END-- [ RunTime:0.009377s ]
INFO: [ view_filter ] --START--
INFO: ContentReplace Behavior ::run [ RunTime:0.000688s ]
INFO: TokenBuild Behavior ::run [ RunTime:0.000663s ]
INFO: WriteHtmlCache Behavior ::run [ RunTime:0.000548s ]
INFO: ShowRuntime Behavior ::run [ RunTime:0.000761s ]
INFO: [ view_filter ] --END-- [ RunTime:0.002953s ]
INFO: [ view_end ] --START--
INFO: ShowPageTrace Behavior ::run [ RunTime:0.000986s ]
INFO: [ view_end ] --END-- [ RunTime:0.001099s ]

[ 2014-08-05T09:53:08+08:00 ] 127.0.0.1 /visaadmin.php/Question/add
INFO: [ route_check ] --START--
INFO: CheckRoute Behavior ::run [ RunTime:0.001213s ]
INFO: [ route_check ] --END-- [ RunTime:0.001361s ]
INFO: [ app_begin ] --START--
INFO: ReadHtmlCache Behavior ::run [ RunTime:0.000821s ]
INFO: [ app_begin ] --END-- [ RunTime:0.000935s ]
INFO: [ view_parse ] --START--
INFO: ParseTemplate Behavior ::run [ RunTime:0.009709s ]
INFO: [ view_parse ] --END-- [ RunTime:0.009860s ]
INFO: [ view_filter ] --START--
INFO: ContentReplace Behavior ::run [ RunTime:0.000736s ]
INFO: TokenBuild Behavior ::run [ RunTime:0.000749s ]
INFO: WriteHtmlCache Behavior ::run [ RunTime:0.000687s ]
INFO: ShowRuntime Behavior ::run [ RunTime:0.000920s ]
INFO: [ view_filter ] --END-- [ RunTime:0.003433s ]
INFO: [ view_end ] --START--
INFO: ShowPageTrace Behavior ::run [ RunTime:0.001004s ]
INFO: [ view_end ] --END-- [ RunTime:0.001127s ]

[ 2014-08-05T09:54:01+08:00 ] 127.0.0.1 /visaadmin.php/Question/add
INFO: [ route_check ] --START--
INFO: CheckRoute Behavior ::run [ RunTime:0.001238s ]
INFO: [ route_check ] --END-- [ RunTime:0.001370s ]
INFO: [ app_begin ] --START--
INFO: ReadHtmlCache Behavior ::run [ RunTime:0.000773s ]
INFO: [ app_begin ] --END-- [ RunTime:0.000881s ]
INFO: [ view_parse ] --START--
INFO: ParseTemplate Behavior ::run [ RunTime:0.008382s ]
INFO: [ view_parse ] --END-- [ RunTime:0.008510s ]
INFO: [ view_filter ] --START--
INFO: ContentReplace Behavior ::run [ RunTime:0.000899s ]
INFO: TokenBuild Behavior ::run [ RunTime:0.000731s ]
INFO: WriteHtmlCache Behavior ::run [ RunTime:0.002383s ]
INFO: ShowRuntime Behavior ::run [ RunTime:0.000988s ]
INFO: [ view_filter ] --END-- [ RunTime:0.005341s ]
INFO: [ view_end ] --START--
INFO: ShowPageTrace Behavior ::run [ RunTime:0.006481s ]
INFO: [ view_end ] --END-- [ RunTime:0.006605s ]

[ 2014-08-05T10:09:00+08:00 ] 127.0.0.1 /visaadmin.php/Question/add
INFO: [ route_check ] --START--
INFO: CheckRoute Behavior ::run [ RunTime:0.001279s ]
INFO: [ route_check ] --END-- [ RunTime:0.001413s ]
INFO: [ app_begin ] --START--
INFO: ReadHtmlCache Behavior ::run [ RunTime:0.000774s ]
INFO: [ app_begin ] --END-- [ RunTime:0.000893s ]
INFO: [ view_parse ] --START--
INFO: ParseTemplate Behavior ::run [ RunTime:0.019033s ]
INFO: [ view_parse ] --END-- [ RunTime:0.019193s ]
INFO: [ view_filter ] --START--
INFO: ContentReplace Behavior ::run [ RunTime:0.001516s ]
INFO: TokenBuild Behavior ::run [ RunTime:0.000738s ]
INFO: WriteHtmlCache Behavior ::run [ RunTime:0.000771s ]
INFO: ShowRuntime Behavior ::run [ RunTime:0.000757s ]
INFO: [ view_filter ] --END-- [ RunTime:0.004110s ]
INFO: [ view_end ] --START--
INFO: ShowPageTrace Behavior ::run [ RunTime:0.000820s ]
INFO: [ view_end ] --END-- [ RunTime:0.000926s ]

[ 2014-08-05T10:10:47+08:00 ] 127.0.0.1 /visaadmin.php/Question/add
INFO: [ route_check ] --START--
INFO: CheckRoute Behavior ::run [ RunTime:0.001269s ]
INFO: [ route_check ] --END-- [ RunTime:0.001410s ]
INFO: [ app_begin ] --START--
INFO: ReadHtmlCache Behavior ::run [ RunTime:0.000872s ]
INFO: [ app_begin ] --END-- [ RunTime:0.000997s ]
INFO: [ view_parse ] --START--
INFO: ParseTemplate Behavior ::run [ RunTime:0.010091s ]
INFO: [ view_parse ] --END-- [ RunTime:0.010267s ]
INFO: [ view_filter ] --START--
INFO: ContentReplace Behavior ::run [ RunTime:0.000794s ]
INFO: TokenBuild Behavior ::run [ RunTime:0.000731s ]
INFO: WriteHtmlCache Behavior ::run [ RunTime:0.000625s ]
INFO: ShowRuntime Behavior ::run [ RunTime:0.000845s ]
INFO: [ view_filter ] --END-- [ RunTime:0.003304s ]
INFO: [ view_end ] --START--
INFO: ShowPageTrace Behavior ::run [ RunTime:0.000832s ]
INFO: [ view_end ] --END-- [ RunTime:0.000939s ]

[ 2014-08-05T10:10:48+08:00 ] 127.0.0.1 /visaadmin.php/Question/add
INFO: [ route_check ] --START--
INFO: CheckRoute Behavior ::run [ RunTime:0.001557s ]
INFO: [ route_check ] --END-- [ RunTime:0.001831s ]
INFO: [ app_begin ] --START--
INFO: ReadHtmlCache Behavior ::run [ RunTime:0.000854s ]
INFO: [ app_begin ] --END-- [ RunTime:0.000973s ]
INFO: [ view_parse ] --START--
INFO: ParseTemplate Behavior ::run [ RunTime:0.009187s ]
INFO: [ view_parse ] --END-- [ RunTime:0.009334s ]
INFO: [ view_filter ] --START--
INFO: ContentReplace Behavior ::run [ RunTime:0.000724s ]
INFO: TokenBuild Behavior ::run [ RunTime:0.000683s ]
INFO: WriteHtmlCache Behavior ::run [ RunTime:0.000571s ]
INFO: ShowRuntime Behavior ::run [ RunTime:0.000866s ]
INFO: [ view_filter ] --END-- [ RunTime:0.003828s ]
INFO: [ view_end ] --START--
INFO: ShowPageTrace Behavior ::run [ RunTime:0.000903s ]
INFO: [ view_end ] --END-- [ RunTime:0.001012s ]

[ 2014-08-05T10:10:51+08:00 ] 127.0.0.1 /visaadmin.php/Question/add
INFO: [ route_check ] --START--
INFO: CheckRoute Behavior ::run [ RunTime:0.000826s ]
INFO: [ route_check ] --END-- [ RunTime:0.000958s ]
INFO: [ app_begin ] --START--
INFO: ReadHtmlCache Behavior ::run [ RunTime:0.000596s ]
INFO: [ app_begin ] --END-- [ RunTime:0.000700s ]
INFO: [ view_parse ] --START--
INFO: ParseTemplate Behavior ::run [ RunTime:0.007192s ]
INFO: [ view_parse ] --END-- [ RunTime:0.007326s ]
INFO: [ view_filter ] --START--
INFO: ContentReplace Behavior ::run [ RunTime:0.000456s ]
INFO: TokenBuild Behavior ::run [ RunTime:0.000469s ]
INFO: WriteHtmlCache Behavior ::run [ RunTime:0.000335s ]
INFO: ShowRuntime Behavior ::run [ RunTime:0.000603s ]
INFO: [ view_filter ] --END-- [ RunTime:0.002149s ]
INFO: [ view_end ] --START--
INFO: ShowPageTrace Behavior ::run [ RunTime:0.000676s ]
INFO: [ view_end ] --END-- [ RunTime:0.000783s ]

[ 2014-08-05T10:11:24+08:00 ] 127.0.0.1 /visaadmin.php/Question/add
INFO: [ route_check ] --START--
INFO: CheckRoute Behavior ::run [ RunTime:0.001772s ]
INFO: [ route_check ] --END-- [ RunTime:0.001911s ]
INFO: [ app_begin ] --START--
INFO: ReadHtmlCache Behavior ::run [ RunTime:0.001285s ]
INFO: [ app_begin ] --END-- [ RunTime:0.001395s ]
INFO: [ view_parse ] --START--
INFO: ParseTemplate Behavior ::run [ RunTime:0.012616s ]
INFO: [ view_parse ] --END-- [ RunTime:0.012800s ]
INFO: [ view_filter ] --START--
INFO: ContentReplace Behavior ::run [ RunTime:0.001120s ]
INFO: TokenBuild Behavior ::run [ RunTime:0.001777s ]
INFO: WriteHtmlCache Behavior ::run [ RunTime:0.001017s ]
INFO: ShowRuntime Behavior ::run [ RunTime:0.004763s ]
INFO: [ view_filter ] --END-- [ RunTime:0.009158s ]
INFO: [ view_end ] --START--
INFO: ShowPageTrace Behavior ::run [ RunTime:0.001345s ]
INFO: [ view_end ] --END-- [ RunTime:0.001457s ]

[ 2014-08-05T10:13:02+08:00 ] 127.0.0.1 /visaadmin.php/Question/add
INFO: [ route_check ] --START--
INFO: CheckRoute Behavior ::run [ RunTime:0.001261s ]
INFO: [ route_check ] --END-- [ RunTime:0.001396s ]
INFO: [ app_begin ] --START--
INFO: ReadHtmlCache Behavior ::run [ RunTime:0.000965s ]
INFO: [ app_begin ] --END-- [ RunTime:0.001076s ]
INFO: [ view_parse ] --START--
INFO: ParseTemplate Behavior ::run [ RunTime:0.061757s ]
INFO: [ view_parse ] --END-- [ RunTime:0.061893s ]
INFO: [ view_filter ] --START--
INFO: ContentReplace Behavior ::run [ RunTime:0.001251s ]
INFO: TokenBuild Behavior ::run [ RunTime:0.000915s ]
INFO: WriteHtmlCache Behavior ::run [ RunTime:0.000900s ]
INFO: ShowRuntime Behavior ::run [ RunTime:0.000981s ]
INFO: [ view_filter ] --END-- [ RunTime:0.004362s ]
INFO: [ view_end ] --START--
INFO: ShowPageTrace Behavior ::run [ RunTime:0.000988s ]
INFO: [ view_end ] --END-- [ RunTime:0.001093s ]

[ 2014-08-05T10:13:31+08:00 ] 127.0.0.1 /visaadmin.php/Question/add
INFO: [ route_check ] --START--
INFO: CheckRoute Behavior ::run [ RunTime:0.001832s ]
INFO: [ route_check ] --END-- [ RunTime:0.001973s ]
INFO: [ app_begin ] --START--
INFO: ReadHtmlCache Behavior ::run [ RunTime:0.001187s ]
INFO: [ app_begin ] --END-- [ RunTime:0.001297s ]
INFO: [ view_parse ] --START--
INFO: ParseTemplate Behavior ::run [ RunTime:0.011711s ]
INFO: [ view_parse ] --END-- [ RunTime:0.011844s ]
INFO: [ view_filter ] --START--
INFO: ContentReplace Behavior ::run [ RunTime:0.001273s ]
INFO: TokenBuild Behavior ::run [ RunTime:0.001076s ]
INFO: WriteHtmlCache Behavior ::run [ RunTime:0.000932s ]
INFO: ShowRuntime Behavior ::run [ RunTime:0.001160s ]
INFO: [ view_filter ] --END-- [ RunTime:0.004761s ]
INFO: [ view_end ] --START--
INFO: ShowPageTrace Behavior ::run [ RunTime:0.001310s ]
INFO: [ view_end ] --END-- [ RunTime:0.001419s ]

[ 2014-08-05T10:46:22+08:00 ] 61.141.157.167 /visaadmin.php/Question/add
INFO: [ route_check ] --START--
INFO: CheckRoute Behavior ::run [ RunTime:0.000333s ]
INFO: [ route_check ] --END-- [ RunTime:0.000403s ]
INFO: [ app_begin ] --START--
INFO: ReadHtmlCache Behavior ::run [ RunTime:0.000208s ]
INFO: [ app_begin ] --END-- [ RunTime:0.000244s ]
INFO: [ view_parse ] --START--
INFO: ParseTemplate Behavior ::run [ RunTime:0.003218s ]
INFO: [ view_parse ] --END-- [ RunTime:0.003256s ]
INFO: [ view_filter ] --START--
INFO: ContentReplace Behavior ::run [ RunTime:0.000139s ]
INFO: TokenBuild Behavior ::run [ RunTime:0.000139s ]
INFO: WriteHtmlCache Behavior ::run [ RunTime:0.000089s ]
INFO: ShowRuntime Behavior ::run [ RunTime:0.000166s ]
INFO: [ view_filter ] --END-- [ RunTime:0.000617s ]
INFO: [ view_end ] --START--
INFO: ShowPageTrace Behavior ::run [ RunTime:0.000248s ]
INFO: [ view_end ] --END-- [ RunTime:0.000277s ]

[ 2014-08-05T10:46:54+08:00 ] 61.141.157.167 /visaadmin.php
INFO: [ app_begin ] --START--
INFO: ReadHtmlCache Behavior ::run [ RunTime:0.000216s ]
INFO: [ app_begin ] --END-- [ RunTime:0.000287s ]
SQL: SHOW COLUMNS FROM `visa_question` [ RunTime:0.004427s ]
SQL: SELECT * FROM `visa_question`  [ RunTime:0.000062s ]
INFO: [ view_parse ] --START--
INFO: ParseTemplate Behavior ::run [ RunTime:0.004345s ]
INFO: [ view_parse ] --END-- [ RunTime:0.004396s ]
INFO: [ view_filter ] --START--
INFO: ContentReplace Behavior ::run [ RunTime:0.000161s ]
INFO: TokenBuild Behavior ::run [ RunTime:0.000135s ]
INFO: WriteHtmlCache Behavior ::run [ RunTime:0.000086s ]
INFO: ShowRuntime Behavior ::run [ RunTime:0.000181s ]
INFO: [ view_filter ] --END-- [ RunTime:0.000649s ]
INFO: [ view_end ] --START--
INFO: ShowPageTrace Behavior ::run [ RunTime:0.000241s ]
INFO: [ view_end ] --END-- [ RunTime:0.000272s ]

[ 2014-08-05T10:47:13+08:00 ] 14.17.18.147 /visaadmin.php/Question/add
INFO: [ route_check ] --START--
INFO: CheckRoute Behavior ::run [ RunTime:0.000330s ]
INFO: [ route_check ] --END-- [ RunTime:0.000399s ]
INFO: [ app_begin ] --START--
INFO: ReadHtmlCache Behavior ::run [ RunTime:0.000239s ]
INFO: [ app_begin ] --END-- [ RunTime:0.000275s ]
INFO: [ view_parse ] --START--
INFO: ParseTemplate Behavior ::run [ RunTime:0.004349s ]
INFO: [ view_parse ] --END-- [ RunTime:0.004412s ]
INFO: [ view_filter ] --START--
INFO: ContentReplace Behavior ::run [ RunTime:0.000210s ]
INFO: TokenBuild Behavior ::run [ RunTime:0.000206s ]
INFO: WriteHtmlCache Behavior ::run [ RunTime:0.000123s ]
INFO: ShowRuntime Behavior ::run [ RunTime:0.000250s ]
INFO: [ view_filter ] --END-- [ RunTime:0.000919s ]
INFO: [ view_end ] --START--
INFO: ShowPageTrace Behavior ::run [ RunTime:0.000366s ]
INFO: [ view_end ] --END-- [ RunTime:0.000412s ]

[ 2014-08-05T10:47:14+08:00 ] 183.60.1.237 /visaadmin.php/Question/add
INFO: [ route_check ] --START--
INFO: CheckRoute Behavior ::run [ RunTime:0.000334s ]
INFO: [ route_check ] --END-- [ RunTime:0.000408s ]
INFO: [ app_begin ] --START--
INFO: ReadHtmlCache Behavior ::run [ RunTime:0.000207s ]
INFO: [ app_begin ] --END-- [ RunTime:0.000242s ]
INFO: [ view_parse ] --START--
INFO: ParseTemplate Behavior ::run [ RunTime:0.003209s ]
INFO: [ view_parse ] --END-- [ RunTime:0.003254s ]
INFO: [ view_filter ] --START--
INFO: ContentReplace Behavior ::run [ RunTime:0.000140s ]
INFO: TokenBuild Behavior ::run [ RunTime:0.000149s ]
INFO: WriteHtmlCache Behavior ::run [ RunTime:0.000089s ]
INFO: ShowRuntime Behavior ::run [ RunTime:0.000172s ]
INFO: [ view_filter ] --END-- [ RunTime:0.000633s ]
INFO: [ view_end ] --START--
INFO: ShowPageTrace Behavior ::run [ RunTime:0.000244s ]
INFO: [ view_end ] --END-- [ RunTime:0.000274s ]

[ 2014-08-05T10:47:52+08:00 ] 183.63.48.194 /visaadmin.php/Question/add
INFO: [ route_check ] --START--
INFO: CheckRoute Behavior ::run [ RunTime:0.000742s ]
INFO: [ route_check ] --END-- [ RunTime:0.000879s ]
INFO: [ app_begin ] --START--
INFO: ReadHtmlCache Behavior ::run [ RunTime:0.000455s ]
INFO: [ app_begin ] --END-- [ RunTime:0.000532s ]
INFO: [ view_parse ] --START--
INFO: ParseTemplate Behavior ::run [ RunTime:0.006840s ]
INFO: [ view_parse ] --END-- [ RunTime:0.006921s ]
INFO: [ view_filter ] --START--
INFO: ContentReplace Behavior ::run [ RunTime:0.000297s ]
INFO: TokenBuild Behavior ::run [ RunTime:0.000304s ]
INFO: WriteHtmlCache Behavior ::run [ RunTime:0.000190s ]
INFO: ShowRuntime Behavior ::run [ RunTime:0.000367s ]
INFO: [ view_filter ] --END-- [ RunTime:0.001350s ]
INFO: [ view_end ] --START--
INFO: ShowPageTrace Behavior ::run [ RunTime:0.000545s ]
INFO: [ view_end ] --END-- [ RunTime:0.000610s ]

[ 2014-08-05T11:26:18+08:00 ] 101.226.66.181 /visaadmin.php
INFO: [ app_begin ] --START--
INFO: ReadHtmlCache Behavior ::run [ RunTime:0.000466s ]
INFO: [ app_begin ] --END-- [ RunTime:0.000602s ]
SQL: SHOW COLUMNS FROM `visa_question` [ RunTime:0.004764s ]
SQL: SELECT * FROM `visa_question`  [ RunTime:0.000250s ]
INFO: [ view_parse ] --START--
INFO: ParseTemplate Behavior ::run [ RunTime:0.004149s ]
INFO: [ view_parse ] --END-- [ RunTime:0.004188s ]
INFO: [ view_filter ] --START--
INFO: ContentReplace Behavior ::run [ RunTime:0.000141s ]
INFO: TokenBuild Behavior ::run [ RunTime:0.000135s ]
INFO: WriteHtmlCache Behavior ::run [ RunTime:0.000086s ]
INFO: ShowRuntime Behavior ::run [ RunTime:0.000176s ]
INFO: [ view_filter ] --END-- [ RunTime:0.000621s ]
INFO: [ view_end ] --START--
INFO: ShowPageTrace Behavior ::run [ RunTime:0.000235s ]
INFO: [ view_end ] --END-- [ RunTime:0.000263s ]

[ 2014-08-05T12:46:45+08:00 ] 61.141.157.167 /visaadmin.php
INFO: [ app_begin ] --START--
INFO: ReadHtmlCache Behavior ::run [ RunTime:0.000214s ]
INFO: [ app_begin ] --END-- [ RunTime:0.000292s ]
SQL: SHOW COLUMNS FROM `visa_question` [ RunTime:0.005617s ]
SQL: SELECT * FROM `visa_question`  [ RunTime:0.000052s ]
INFO: [ view_parse ] --START--
INFO: ParseTemplate Behavior ::run [ RunTime:0.011523s ]
INFO: [ view_parse ] --END-- [ RunTime:0.011581s ]
INFO: [ view_filter ] --START--
INFO: ContentReplace Behavior ::run [ RunTime:0.000162s ]
INFO: TokenBuild Behavior ::run [ RunTime:0.000136s ]
INFO: WriteHtmlCache Behavior ::run [ RunTime:0.000087s ]
INFO: ShowRuntime Behavior ::run [ RunTime:0.000179s ]
INFO: [ view_filter ] --END-- [ RunTime:0.000651s ]
INFO: [ view_end ] --START--
INFO: ShowPageTrace Behavior ::run [ RunTime:0.000239s ]
INFO: [ view_end ] --END-- [ RunTime:0.000269s ]

[ 2014-08-05T12:47:05+08:00 ] 61.141.157.167 /visaadmin.php/Question/add
INFO: [ route_check ] --START--
INFO: CheckRoute Behavior ::run [ RunTime:0.014121s ]
INFO: [ route_check ] --END-- [ RunTime:0.014216s ]
INFO: [ app_begin ] --START--
INFO: ReadHtmlCache Behavior ::run [ RunTime:0.000221s ]
INFO: [ app_begin ] --END-- [ RunTime:0.000261s ]
INFO: [ view_parse ] --START--
INFO: ParseTemplate Behavior ::run [ RunTime:0.003474s ]
INFO: [ view_parse ] --END-- [ RunTime:0.003523s ]
INFO: [ view_filter ] --START--
INFO: ContentReplace Behavior ::run [ RunTime:0.000142s ]
INFO: TokenBuild Behavior ::run [ RunTime:0.000144s ]
INFO: WriteHtmlCache Behavior ::run [ RunTime:0.000088s ]
INFO: ShowRuntime Behavior ::run [ RunTime:0.000175s ]
INFO: [ view_filter ] --END-- [ RunTime:0.000637s ]
INFO: [ view_end ] --START--
INFO: ShowPageTrace Behavior ::run [ RunTime:0.000253s ]
INFO: [ view_end ] --END-- [ RunTime:0.000284s ]

[ 2014-08-05T14:34:38+08:00 ] 61.141.157.167 /visaadmin.php
INFO: [ app_begin ] --START--
INFO: ReadHtmlCache Behavior ::run [ RunTime:0.000216s ]
INFO: [ app_begin ] --END-- [ RunTime:0.000276s ]
SQL: SHOW COLUMNS FROM `visa_question` [ RunTime:0.004921s ]
SQL: SELECT * FROM `visa_question`  [ RunTime:0.000048s ]
INFO: [ view_parse ] --START--
INFO: ParseTemplate Behavior ::run [ RunTime:0.004227s ]
INFO: [ view_parse ] --END-- [ RunTime:0.004270s ]
INFO: [ view_filter ] --START--
INFO: ContentReplace Behavior ::run [ RunTime:0.000147s ]
INFO: TokenBuild Behavior ::run [ RunTime:0.000134s ]
INFO: WriteHtmlCache Behavior ::run [ RunTime:0.000090s ]
INFO: ShowRuntime Behavior ::run [ RunTime:0.000179s ]
INFO: [ view_filter ] --END-- [ RunTime:0.000637s ]
INFO: [ view_end ] --START--
INFO: ShowPageTrace Behavior ::run [ RunTime:0.000230s ]
INFO: [ view_end ] --END-- [ RunTime:0.000260s ]

[ 2014-08-05T14:34:53+08:00 ] 61.141.157.167 /visaadmin.php/Question/add
INFO: [ route_check ] --START--
INFO: CheckRoute Behavior ::run [ RunTime:0.000507s ]
INFO: [ route_check ] --END-- [ RunTime:0.000611s ]
INFO: [ app_begin ] --START--
INFO: ReadHtmlCache Behavior ::run [ RunTime:0.000310s ]
INFO: [ app_begin ] --END-- [ RunTime:0.000363s ]
INFO: [ view_parse ] --START--
INFO: ParseTemplate Behavior ::run [ RunTime:0.004867s ]
INFO: [ view_parse ] --END-- [ RunTime:0.004935s ]
INFO: [ view_filter ] --START--
INFO: ContentReplace Behavior ::run [ RunTime:0.000207s ]
INFO: TokenBuild Behavior ::run [ RunTime:0.000209s ]
INFO: WriteHtmlCache Behavior ::run [ RunTime:0.000121s ]
INFO: ShowRuntime Behavior ::run [ RunTime:0.000249s ]
INFO: [ view_filter ] --END-- [ RunTime:0.000925s ]
INFO: [ view_end ] --START--
INFO: ShowPageTrace Behavior ::run [ RunTime:0.000363s ]
INFO: [ view_end ] --END-- [ RunTime:0.000412s ]

[ 2014-08-05T14:35:04+08:00 ] 61.141.157.167 /visaadmin.php/Question/insert
INFO: [ route_check ] --START--
INFO: CheckRoute Behavior ::run [ RunTime:0.000336s ]
INFO: [ route_check ] --END-- [ RunTime:0.000404s ]
INFO: [ app_begin ] --START--
INFO: ReadHtmlCache Behavior ::run [ RunTime:0.000200s ]
INFO: [ app_begin ] --END-- [ RunTime:0.000236s ]
SQL: SHOW COLUMNS FROM `visa_question` [ RunTime:0.006231s ]
NOTIC: [4096] Object of class Model could not be converted to string /home/visapenc/public_html/admin/Lib/Action/QuestionAction.class.php 第 27 行.
SQL: INSERT INTO `visa_question` (`title`,`content`) VALUES ('测试哦测试测','<p>撒发的撒撒旦法阿斯顿阿斯蒂芬</p>\r\n') [ RunTime:0.000217s ]
INFO: [ view_parse ] --START--
INFO: ParseTemplate Behavior ::run [ RunTime:0.035163s ]
INFO: [ view_parse ] --END-- [ RunTime:0.035252s ]
INFO: [ view_filter ] --START--
INFO: ContentReplace Behavior ::run [ RunTime:0.000280s ]
INFO: TokenBuild Behavior ::run [ RunTime:0.000322s ]
INFO: WriteHtmlCache Behavior ::run [ RunTime:0.000194s ]
INFO: ShowRuntime Behavior ::run [ RunTime:0.000360s ]
INFO: [ view_filter ] --END-- [ RunTime:0.001356s ]
INFO: [ view_end ] --START--
INFO: ShowPageTrace Behavior ::run [ RunTime:0.000536s ]
INFO: [ view_end ] --END-- [ RunTime:0.000600s ]

[ 2014-08-05T14:35:05+08:00 ] 61.141.157.167 /visaadmin.php/Question/add
INFO: [ route_check ] --START--
INFO: CheckRoute Behavior ::run [ RunTime:0.000518s ]
INFO: [ route_check ] --END-- [ RunTime:0.000624s ]
INFO: [ app_begin ] --START--
INFO: ReadHtmlCache Behavior ::run [ RunTime:0.000322s ]
INFO: [ app_begin ] --END-- [ RunTime:0.000376s ]
INFO: [ view_parse ] --START--
INFO: ParseTemplate Behavior ::run [ RunTime:0.003174s ]
INFO: [ view_parse ] --END-- [ RunTime:0.003221s ]
INFO: [ view_filter ] --START--
INFO: ContentReplace Behavior ::run [ RunTime:0.000144s ]
INFO: TokenBuild Behavior ::run [ RunTime:0.000145s ]
INFO: WriteHtmlCache Behavior ::run [ RunTime:0.000087s ]
INFO: ShowRuntime Behavior ::run [ RunTime:0.000172s ]
INFO: [ view_filter ] --END-- [ RunTime:0.000633s ]
INFO: [ view_end ] --START--
INFO: ShowPageTrace Behavior ::run [ RunTime:0.000251s ]
INFO: [ view_end ] --END-- [ RunTime:0.000281s ]

[ 2014-08-05T14:35:24+08:00 ] 115.236.153.102 /visaadmin.php
INFO: [ app_begin ] --START--
INFO: ReadHtmlCache Behavior ::run [ RunTime:0.000212s ]
INFO: [ app_begin ] --END-- [ RunTime:0.000288s ]
SQL: SHOW COLUMNS FROM `visa_question` [ RunTime:0.003425s ]
SQL: SELECT * FROM `visa_question`  [ RunTime:0.000060s ]
INFO: [ view_parse ] --START--
INFO: ParseTemplate Behavior ::run [ RunTime:0.004222s ]
INFO: [ view_parse ] --END-- [ RunTime:0.004268s ]
INFO: [ view_filter ] --START--
INFO: ContentReplace Behavior ::run [ RunTime:0.000154s ]
INFO: TokenBuild Behavior ::run [ RunTime:0.000135s ]
INFO: WriteHtmlCache Behavior ::run [ RunTime:0.000089s ]
INFO: ShowRuntime Behavior ::run [ RunTime:0.000176s ]
INFO: [ view_filter ] --END-- [ RunTime:0.000640s ]
INFO: [ view_end ] --START--
INFO: ShowPageTrace Behavior ::run [ RunTime:0.000236s ]
INFO: [ view_end ] --END-- [ RunTime:0.000265s ]

[ 2014-08-05T14:35:25+08:00 ] 183.60.1.241 /visaadmin.php
INFO: [ app_begin ] --START--
INFO: ReadHtmlCache Behavior ::run [ RunTime:0.000223s ]
INFO: [ app_begin ] --END-- [ RunTime:0.000298s ]
SQL: SHOW COLUMNS FROM `visa_question` [ RunTime:0.003907s ]
SQL: SELECT * FROM `visa_question`  [ RunTime:0.000063s ]
INFO: [ view_parse ] --START--
INFO: ParseTemplate Behavior ::run [ RunTime:0.004183s ]
INFO: [ view_parse ] --END-- [ RunTime:0.004223s ]
INFO: [ view_filter ] --START--
INFO: ContentReplace Behavior ::run [ RunTime:0.000143s ]
INFO: TokenBuild Behavior ::run [ RunTime:0.000136s ]
INFO: WriteHtmlCache Behavior ::run [ RunTime:0.000086s ]
INFO: ShowRuntime Behavior ::run [ RunTime:0.000178s ]
INFO: [ view_filter ] --END-- [ RunTime:0.000627s ]
INFO: [ view_end ] --START--
INFO: ShowPageTrace Behavior ::run [ RunTime:0.000234s ]
INFO: [ view_end ] --END-- [ RunTime:0.000263s ]

[ 2014-08-05T14:37:57+08:00 ] 183.63.48.194 /visaadmin.php
INFO: [ app_begin ] --START--
INFO: ReadHtmlCache Behavior ::run [ RunTime:0.000229s ]
INFO: [ app_begin ] --END-- [ RunTime:0.000307s ]
SQL: SHOW COLUMNS FROM `visa_question` [ RunTime:0.003622s ]
SQL: SELECT * FROM `visa_question`  [ RunTime:0.000090s ]
INFO: [ view_parse ] --START--
INFO: ParseTemplate Behavior ::run [ RunTime:0.004469s ]
INFO: [ view_parse ] --END-- [ RunTime:0.004512s ]
INFO: [ view_filter ] --START--
INFO: ContentReplace Behavior ::run [ RunTime:0.000148s ]
INFO: TokenBuild Behavior ::run [ RunTime:0.000134s ]
INFO: WriteHtmlCache Behavior ::run [ RunTime:0.000086s ]
INFO: ShowRuntime Behavior ::run [ RunTime:0.000174s ]
INFO: [ view_filter ] --END-- [ RunTime:0.000628s ]
INFO: [ view_end ] --START--
INFO: ShowPageTrace Behavior ::run [ RunTime:0.000239s ]
INFO: [ view_end ] --END-- [ RunTime:0.000268s ]

[ 2014-08-05T22:59:26+08:00 ] 113.57.189.235 /visaadmin.php
INFO: [ app_begin ] --START--
INFO: ReadHtmlCache Behavior ::run [ RunTime:0.000247s ]
INFO: [ app_begin ] --END-- [ RunTime:0.000322s ]
SQL: SHOW COLUMNS FROM `visa_question` [ RunTime:0.004795s ]
SQL: SELECT * FROM `visa_question`  [ RunTime:0.000103s ]
INFO: [ view_parse ] --START--
INFO: ParseTemplate Behavior ::run [ RunTime:0.097753s ]
INFO: [ view_parse ] --END-- [ RunTime:0.097877s ]
INFO: [ view_filter ] --START--
INFO: ContentReplace Behavior ::run [ RunTime:0.000437s ]
INFO: TokenBuild Behavior ::run [ RunTime:0.000399s ]
INFO: WriteHtmlCache Behavior ::run [ RunTime:0.000257s ]
INFO: ShowRuntime Behavior ::run [ RunTime:0.000569s ]
INFO: [ view_filter ] --END-- [ RunTime:0.001921s ]
INFO: [ view_end ] --START--
INFO: ShowPageTrace Behavior ::run [ RunTime:0.000723s ]
INFO: [ view_end ] --END-- [ RunTime:0.000819s ]

[ 2014-08-05T23:38:35+08:00 ] 113.57.189.235 /visaadmin.php
INFO: [ app_begin ] --START--
INFO: ReadHtmlCache Behavior ::run [ RunTime:0.000247s ]
INFO: [ app_begin ] --END-- [ RunTime:0.000316s ]
SQL: SHOW COLUMNS FROM `visa_question` [ RunTime:0.004601s ]
SQL: SELECT * FROM `visa_question`  [ RunTime:0.000066s ]
INFO: [ view_parse ] --START--
INFO: ParseTemplate Behavior ::run [ RunTime:0.004202s ]
INFO: [ view_parse ] --END-- [ RunTime:0.004244s ]
INFO: [ view_filter ] --START--
INFO: ContentReplace Behavior ::run [ RunTime:0.000142s ]
INFO: TokenBuild Behavior ::run [ RunTime:0.000132s ]
INFO: WriteHtmlCache Behavior ::run [ RunTime:0.000084s ]
INFO: ShowRuntime Behavior ::run [ RunTime:0.000178s ]
INFO: [ view_filter ] --END-- [ RunTime:0.000619s ]
INFO: [ view_end ] --START--
INFO: ShowPageTrace Behavior ::run [ RunTime:0.000238s ]
INFO: [ view_end ] --END-- [ RunTime:0.000267s ]

