[ 2014-08-20T14:39:29+08:00 ] 61.141.200.133 /visaadmin.php
INFO: [ app_begin ] --START--
INFO: ReadHtmlCache Behavior ::run [ RunTime:0.000527s ]
INFO: [ app_begin ] --END-- [ RunTime:0.000678s ]
SQL: SHOW COLUMNS FROM `visa_question` [ RunTime:0.003362s ]
SQL: SELECT * FROM `visa_question`  [ RunTime:0.000052s ]
INFO: [ view_parse ] --START--
INFO: ParseTemplate Behavior ::run [ RunTime:0.023876s ]
INFO: [ view_parse ] --END-- [ RunTime:0.023991s ]
INFO: [ view_filter ] --START--
INFO: ContentReplace Behavior ::run [ RunTime:0.000492s ]
INFO: TokenBuild Behavior ::run [ RunTime:0.000471s ]
INFO: WriteHtmlCache Behavior ::run [ RunTime:0.000294s ]
INFO: ShowRuntime Behavior ::run [ RunTime:0.000596s ]
INFO: [ view_filter ] --END-- [ RunTime:0.002163s ]
INFO: [ view_end ] --START--
INFO: ShowPageTrace Behavior ::run [ RunTime:0.000834s ]
INFO: [ view_end ] --END-- [ RunTime:0.000936s ]

[ 2014-08-20T14:39:35+08:00 ] 61.141.200.133 /visaadmin.php/Question/read
INFO: [ route_check ] --START--
INFO: CheckRoute Behavior ::run [ RunTime:0.000732s ]
INFO: [ route_check ] --END-- [ RunTime:0.000869s ]
INFO: [ app_begin ] --START--
INFO: ReadHtmlCache Behavior ::run [ RunTime:0.000445s ]
INFO: [ app_begin ] --END-- [ RunTime:0.000519s ]
SQL: SHOW COLUMNS FROM `visa_question` [ RunTime:0.004768s ]
SQL: SELECT * FROM `visa_question` LIMIT 0,20   [ RunTime:0.000277s ]
SQL: SELECT COUNT(*) AS tp_count FROM `visa_question` LIMIT 1   [ RunTime:0.000186s ]

[ 2014-08-20T14:39:38+08:00 ] 61.141.200.133 /visaadmin.php/Order/read
INFO: [ route_check ] --START--
INFO: CheckRoute Behavior ::run [ RunTime:0.000331s ]
INFO: [ route_check ] --END-- [ RunTime:0.000403s ]
INFO: [ app_begin ] --START--
INFO: ReadHtmlCache Behavior ::run [ RunTime:0.000200s ]
INFO: [ app_begin ] --END-- [ RunTime:0.000234s ]
SQL: SHOW COLUMNS FROM `visa_userinfo` [ RunTime:0.023300s ]
ERR: 1146:Table 'visapenc_visa.visa_userinfo' doesn't exist
 [ SQL语句 ] : SHOW COLUMNS FROM `visa_userinfo`
SQL: SELECT * FROM `visa_userinfo` LIMIT 0,20   [ RunTime:0.000078s ]
ERR: 1146:Table 'visapenc_visa.visa_userinfo' doesn't exist
 [ SQL语句 ] : SELECT * FROM `visa_userinfo` LIMIT 0,20  
SQL: SELECT COUNT(*) AS tp_count FROM `visa_userinfo` LIMIT 1   [ RunTime:0.000067s ]
ERR: 1146:Table 'visapenc_visa.visa_userinfo' doesn't exist
 [ SQL语句 ] : SELECT COUNT(*) AS tp_count FROM `visa_userinfo` LIMIT 1  

[ 2014-08-20T14:39:49+08:00 ] 113.105.95.122 /visaadmin.php
INFO: [ app_begin ] --START--
INFO: ReadHtmlCache Behavior ::run [ RunTime:0.000227s ]
INFO: [ app_begin ] --END-- [ RunTime:0.000308s ]
SQL: SHOW COLUMNS FROM `visa_question` [ RunTime:0.004745s ]
SQL: SELECT * FROM `visa_question`  [ RunTime:0.000052s ]
INFO: [ view_parse ] --START--
INFO: ParseTemplate Behavior ::run [ RunTime:0.003267s ]
INFO: [ view_parse ] --END-- [ RunTime:0.003308s ]
INFO: [ view_filter ] --START--
INFO: ContentReplace Behavior ::run [ RunTime:0.000140s ]
INFO: TokenBuild Behavior ::run [ RunTime:0.000137s ]
INFO: WriteHtmlCache Behavior ::run [ RunTime:0.000094s ]
INFO: ShowRuntime Behavior ::run [ RunTime:0.000174s ]
INFO: [ view_filter ] --END-- [ RunTime:0.000631s ]
INFO: [ view_end ] --START--
INFO: ShowPageTrace Behavior ::run [ RunTime:0.000240s ]
INFO: [ view_end ] --END-- [ RunTime:0.000269s ]

[ 2014-08-20T14:39:50+08:00 ] 101.226.33.199 /visaadmin.php
INFO: [ app_begin ] --START--
INFO: ReadHtmlCache Behavior ::run [ RunTime:0.000223s ]
INFO: [ app_begin ] --END-- [ RunTime:0.000296s ]
SQL: SHOW COLUMNS FROM `visa_question` [ RunTime:0.004863s ]
SQL: SELECT * FROM `visa_question`  [ RunTime:0.000050s ]
INFO: [ view_parse ] --START--
INFO: ParseTemplate Behavior ::run [ RunTime:0.003148s ]
INFO: [ view_parse ] --END-- [ RunTime:0.003191s ]
INFO: [ view_filter ] --START--
INFO: ContentReplace Behavior ::run [ RunTime:0.000144s ]
INFO: TokenBuild Behavior ::run [ RunTime:0.000137s ]
INFO: WriteHtmlCache Behavior ::run [ RunTime:0.000090s ]
INFO: ShowRuntime Behavior ::run [ RunTime:0.000171s ]
INFO: [ view_filter ] --END-- [ RunTime:0.000630s ]
INFO: [ view_end ] --START--
INFO: ShowPageTrace Behavior ::run [ RunTime:0.000246s ]
INFO: [ view_end ] --END-- [ RunTime:0.000276s ]

