[ 2014-08-08T09:31:58+08:00 ] 61.141.156.62 /visaadmin.php
INFO: [ app_begin ] --START--
INFO: ReadHtmlCache Behavior ::run [ RunTime:0.000225s ]
INFO: [ app_begin ] --END-- [ RunTime:0.000308s ]
SQL: SHOW COLUMNS FROM `visa_question` [ RunTime:0.005192s ]
SQL: SELECT * FROM `visa_question`  [ RunTime:0.000058s ]
INFO: [ view_parse ] --START--
INFO: ParseTemplate Behavior ::run [ RunTime:0.008846s ]
INFO: [ view_parse ] --END-- [ RunTime:0.008919s ]
INFO: [ view_filter ] --START--
INFO: ContentReplace Behavior ::run [ RunTime:0.000192s ]
INFO: TokenBuild Behavior ::run [ RunTime:0.000147s ]
INFO: WriteHtmlCache Behavior ::run [ RunTime:0.000097s ]
INFO: ShowRuntime Behavior ::run [ RunTime:0.000181s ]
INFO: [ view_filter ] --END-- [ RunTime:0.000709s ]
INFO: [ view_end ] --START--
INFO: ShowPageTrace Behavior ::run [ RunTime:0.000253s ]
INFO: [ view_end ] --END-- [ RunTime:0.000283s ]

[ 2014-08-08T09:32:33+08:00 ] 61.141.156.62 /visaadmin.php
INFO: [ app_begin ] --START--
INFO: ReadHtmlCache Behavior ::run [ RunTime:0.000226s ]
INFO: [ app_begin ] --END-- [ RunTime:0.000306s ]
SQL: SHOW COLUMNS FROM `visa_question` [ RunTime:0.005492s ]
SQL: SELECT * FROM `visa_question`  [ RunTime:0.000090s ]
INFO: [ view_parse ] --START--
INFO: ParseTemplate Behavior ::run [ RunTime:0.004960s ]
INFO: [ view_parse ] --END-- [ RunTime:0.005029s ]
INFO: [ view_filter ] --START--
INFO: ContentReplace Behavior ::run [ RunTime:0.000211s ]
INFO: TokenBuild Behavior ::run [ RunTime:0.000204s ]
INFO: WriteHtmlCache Behavior ::run [ RunTime:0.000127s ]
INFO: ShowRuntime Behavior ::run [ RunTime:0.000266s ]
INFO: [ view_filter ] --END-- [ RunTime:0.000954s ]
INFO: [ view_end ] --START--
INFO: ShowPageTrace Behavior ::run [ RunTime:0.000365s ]
INFO: [ view_end ] --END-- [ RunTime:0.000414s ]

[ 2014-08-08T09:32:38+08:00 ] 61.141.156.62 /visaadmin.php/Question/read
INFO: [ route_check ] --START--
INFO: CheckRoute Behavior ::run [ RunTime:0.052082s ]
INFO: [ route_check ] --END-- [ RunTime:0.052204s ]
INFO: [ app_begin ] --START--
INFO: ReadHtmlCache Behavior ::run [ RunTime:0.000456s ]
INFO: [ app_begin ] --END-- [ RunTime:0.000530s ]
SQL: SHOW COLUMNS FROM `visa_question` [ RunTime:0.005104s ]
SQL: SELECT * FROM `visa_question` LIMIT 0,20   [ RunTime:0.038141s ]
SQL: SELECT COUNT(*) AS tp_count FROM `visa_question` LIMIT 1   [ RunTime:0.000313s ]

[ 2014-08-08T09:32:56+08:00 ] 61.141.156.62 /visaadmin.php
INFO: [ app_begin ] --START--
INFO: ReadHtmlCache Behavior ::run [ RunTime:0.000215s ]
INFO: [ app_begin ] --END-- [ RunTime:0.000288s ]
SQL: SHOW COLUMNS FROM `visa_question` [ RunTime:0.004117s ]
SQL: SELECT * FROM `visa_question`  [ RunTime:0.000059s ]
INFO: [ view_parse ] --START--
INFO: ParseTemplate Behavior ::run [ RunTime:0.003140s ]
INFO: [ view_parse ] --END-- [ RunTime:0.003181s ]
INFO: [ view_filter ] --START--
INFO: ContentReplace Behavior ::run [ RunTime:0.000137s ]
INFO: TokenBuild Behavior ::run [ RunTime:0.000133s ]
INFO: WriteHtmlCache Behavior ::run [ RunTime:0.000094s ]
INFO: ShowRuntime Behavior ::run [ RunTime:0.000171s ]
INFO: [ view_filter ] --END-- [ RunTime:0.000622s ]
INFO: [ view_end ] --START--
INFO: ShowPageTrace Behavior ::run [ RunTime:0.000240s ]
INFO: [ view_end ] --END-- [ RunTime:0.000270s ]

[ 2014-08-08T09:33:00+08:00 ] 61.141.156.62 /visaadmin.php/Question/read
INFO: [ route_check ] --START--
INFO: CheckRoute Behavior ::run [ RunTime:0.000359s ]
INFO: [ route_check ] --END-- [ RunTime:0.000464s ]
INFO: [ app_begin ] --START--
INFO: ReadHtmlCache Behavior ::run [ RunTime:0.000220s ]
INFO: [ app_begin ] --END-- [ RunTime:0.000266s ]
SQL: SHOW COLUMNS FROM `visa_question` [ RunTime:0.004570s ]
SQL: SELECT * FROM `visa_question` LIMIT 0,20   [ RunTime:0.000051s ]
SQL: SELECT COUNT(*) AS tp_count FROM `visa_question` LIMIT 1   [ RunTime:0.000025s ]

[ 2014-08-08T09:33:35+08:00 ] 61.141.156.62 /visaadmin.php
INFO: [ app_begin ] --START--
INFO: ReadHtmlCache Behavior ::run [ RunTime:0.000222s ]
INFO: [ app_begin ] --END-- [ RunTime:0.000303s ]
SQL: SHOW COLUMNS FROM `visa_question` [ RunTime:0.005555s ]
SQL: SELECT * FROM `visa_question`  [ RunTime:0.000080s ]
INFO: [ view_parse ] --START--
INFO: ParseTemplate Behavior ::run [ RunTime:0.004716s ]
INFO: [ view_parse ] --END-- [ RunTime:0.004794s ]
INFO: [ view_filter ] --START--
INFO: ContentReplace Behavior ::run [ RunTime:0.000221s ]
INFO: TokenBuild Behavior ::run [ RunTime:0.000210s ]
INFO: WriteHtmlCache Behavior ::run [ RunTime:0.000142s ]
INFO: ShowRuntime Behavior ::run [ RunTime:0.000271s ]
INFO: [ view_filter ] --END-- [ RunTime:0.000986s ]
INFO: [ view_end ] --START--
INFO: ShowPageTrace Behavior ::run [ RunTime:0.000364s ]
INFO: [ view_end ] --END-- [ RunTime:0.000413s ]

[ 2014-08-08T09:33:40+08:00 ] 61.141.156.62 /visaadmin.php/Question/read
INFO: [ route_check ] --START--
INFO: CheckRoute Behavior ::run [ RunTime:0.000343s ]
INFO: [ route_check ] --END-- [ RunTime:0.000427s ]
INFO: [ app_begin ] --START--
INFO: ReadHtmlCache Behavior ::run [ RunTime:0.000205s ]
INFO: [ app_begin ] --END-- [ RunTime:0.000238s ]
SQL: SHOW COLUMNS FROM `visa_question` [ RunTime:0.004727s ]
SQL: SELECT * FROM `visa_question` LIMIT 0,20   [ RunTime:0.000091s ]
SQL: SELECT COUNT(*) AS tp_count FROM `visa_question` LIMIT 1   [ RunTime:0.000031s ]

[ 2014-08-08T09:33:42+08:00 ] 61.141.156.62 /visaadmin.php
INFO: [ app_begin ] --START--
INFO: ReadHtmlCache Behavior ::run [ RunTime:0.000441s ]
INFO: [ app_begin ] --END-- [ RunTime:0.000518s ]
SQL: SHOW COLUMNS FROM `visa_question` [ RunTime:0.005718s ]
SQL: SELECT * FROM `visa_question`  [ RunTime:0.000068s ]
INFO: [ view_parse ] --START--
INFO: ParseTemplate Behavior ::run [ RunTime:0.004820s ]
INFO: [ view_parse ] --END-- [ RunTime:0.004898s ]
INFO: [ view_filter ] --START--
INFO: ContentReplace Behavior ::run [ RunTime:0.000208s ]
INFO: TokenBuild Behavior ::run [ RunTime:0.000203s ]
INFO: WriteHtmlCache Behavior ::run [ RunTime:0.000130s ]
INFO: ShowRuntime Behavior ::run [ RunTime:0.000256s ]
INFO: [ view_filter ] --END-- [ RunTime:0.000926s ]
INFO: [ view_end ] --START--
INFO: ShowPageTrace Behavior ::run [ RunTime:0.000361s ]
INFO: [ view_end ] --END-- [ RunTime:0.000408s ]

[ 2014-08-08T09:33:47+08:00 ] 61.141.156.62 /visaadmin.php/Question/read
INFO: [ route_check ] --START--
INFO: CheckRoute Behavior ::run [ RunTime:0.000349s ]
INFO: [ route_check ] --END-- [ RunTime:0.000418s ]
INFO: [ app_begin ] --START--
INFO: ReadHtmlCache Behavior ::run [ RunTime:0.000201s ]
INFO: [ app_begin ] --END-- [ RunTime:0.000234s ]
SQL: SHOW COLUMNS FROM `visa_question` [ RunTime:0.003815s ]
SQL: SELECT * FROM `visa_question` LIMIT 0,20   [ RunTime:0.000075s ]
SQL: SELECT COUNT(*) AS tp_count FROM `visa_question` LIMIT 1   [ RunTime:0.000071s ]

[ 2014-08-08T09:38:05+08:00 ] 61.141.156.62 /visaadmin.php
INFO: [ app_begin ] --START--
INFO: ReadHtmlCache Behavior ::run [ RunTime:0.000215s ]
INFO: [ app_begin ] --END-- [ RunTime:0.000287s ]
SQL: SHOW COLUMNS FROM `visa_question` [ RunTime:0.003802s ]
SQL: SELECT * FROM `visa_question`  [ RunTime:0.000059s ]
INFO: [ view_parse ] --START--
INFO: ParseTemplate Behavior ::run [ RunTime:0.003137s ]
INFO: [ view_parse ] --END-- [ RunTime:0.003179s ]
INFO: [ view_filter ] --START--
INFO: ContentReplace Behavior ::run [ RunTime:0.000140s ]
INFO: TokenBuild Behavior ::run [ RunTime:0.000142s ]
INFO: WriteHtmlCache Behavior ::run [ RunTime:0.000091s ]
INFO: ShowRuntime Behavior ::run [ RunTime:0.000173s ]
INFO: [ view_filter ] --END-- [ RunTime:0.000632s ]
INFO: [ view_end ] --START--
INFO: ShowPageTrace Behavior ::run [ RunTime:0.000242s ]
INFO: [ view_end ] --END-- [ RunTime:0.000271s ]

[ 2014-08-08T09:38:09+08:00 ] 61.141.156.62 /visaadmin.php/Question/read
INFO: [ route_check ] --START--
INFO: CheckRoute Behavior ::run [ RunTime:0.000344s ]
INFO: [ route_check ] --END-- [ RunTime:0.000431s ]
INFO: [ app_begin ] --START--
INFO: ReadHtmlCache Behavior ::run [ RunTime:0.000205s ]
INFO: [ app_begin ] --END-- [ RunTime:0.000239s ]
SQL: SHOW COLUMNS FROM `visa_question` [ RunTime:0.004604s ]
SQL: SELECT * FROM `visa_question` LIMIT 0,20   [ RunTime:0.000144s ]
SQL: SELECT COUNT(*) AS tp_count FROM `visa_question` LIMIT 1   [ RunTime:0.000079s ]

[ 2014-08-08T09:39:57+08:00 ] 61.141.156.62 /visaadmin.php
INFO: [ app_begin ] --START--
INFO: ReadHtmlCache Behavior ::run [ RunTime:0.000364s ]
INFO: [ app_begin ] --END-- [ RunTime:0.000476s ]
SQL: SHOW COLUMNS FROM `visa_question` [ RunTime:0.005093s ]
SQL: SELECT * FROM `visa_question`  [ RunTime:0.000168s ]
INFO: [ view_parse ] --START--
INFO: ParseTemplate Behavior ::run [ RunTime:0.003178s ]
INFO: [ view_parse ] --END-- [ RunTime:0.003223s ]
INFO: [ view_filter ] --START--
INFO: ContentReplace Behavior ::run [ RunTime:0.000144s ]
INFO: TokenBuild Behavior ::run [ RunTime:0.000136s ]
INFO: WriteHtmlCache Behavior ::run [ RunTime:0.000094s ]
INFO: ShowRuntime Behavior ::run [ RunTime:0.000177s ]
INFO: [ view_filter ] --END-- [ RunTime:0.000637s ]
INFO: [ view_end ] --START--
INFO: ShowPageTrace Behavior ::run [ RunTime:0.000238s ]
INFO: [ view_end ] --END-- [ RunTime:0.000267s ]

[ 2014-08-08T09:40:05+08:00 ] 61.141.156.62 /visaadmin.php/Question/read
INFO: [ route_check ] --START--
INFO: CheckRoute Behavior ::run [ RunTime:0.000508s ]
INFO: [ route_check ] --END-- [ RunTime:0.000623s ]
INFO: [ app_begin ] --START--
INFO: ReadHtmlCache Behavior ::run [ RunTime:0.000298s ]
INFO: [ app_begin ] --END-- [ RunTime:0.000348s ]
SQL: SHOW COLUMNS FROM `visa_question` [ RunTime:0.005100s ]
SQL: SELECT * FROM `visa_question` LIMIT 0,20   [ RunTime:0.000159s ]
SQL: SELECT COUNT(*) AS tp_count FROM `visa_question` LIMIT 1   [ RunTime:0.000104s ]

[ 2014-08-08T09:52:55+08:00 ] 61.141.156.62 /visaadmin.php
INFO: [ app_begin ] --START--
INFO: ReadHtmlCache Behavior ::run [ RunTime:0.000218s ]
INFO: [ app_begin ] --END-- [ RunTime:0.000289s ]
SQL: SHOW COLUMNS FROM `visa_question` [ RunTime:0.004508s ]
SQL: SELECT * FROM `visa_question`  [ RunTime:0.000059s ]
INFO: [ view_parse ] --START--
INFO: ParseTemplate Behavior ::run [ RunTime:0.003593s ]
INFO: [ view_parse ] --END-- [ RunTime:0.003642s ]
INFO: [ view_filter ] --START--
INFO: ContentReplace Behavior ::run [ RunTime:0.000146s ]
INFO: TokenBuild Behavior ::run [ RunTime:0.000138s ]
INFO: WriteHtmlCache Behavior ::run [ RunTime:0.000133s ]
INFO: ShowRuntime Behavior ::run [ RunTime:0.000173s ]
INFO: [ view_filter ] --END-- [ RunTime:0.000676s ]
INFO: [ view_end ] --START--
INFO: ShowPageTrace Behavior ::run [ RunTime:0.000246s ]
INFO: [ view_end ] --END-- [ RunTime:0.000276s ]

[ 2014-08-08T09:53:00+08:00 ] 61.141.156.62 /visaadmin.php/Question/read
INFO: [ route_check ] --START--
INFO: CheckRoute Behavior ::run [ RunTime:0.000329s ]
INFO: [ route_check ] --END-- [ RunTime:0.000396s ]
INFO: [ app_begin ] --START--
INFO: ReadHtmlCache Behavior ::run [ RunTime:0.000207s ]
INFO: [ app_begin ] --END-- [ RunTime:0.000240s ]
SQL: SHOW COLUMNS FROM `visa_question` [ RunTime:0.004001s ]
SQL: SELECT * FROM `visa_question` LIMIT 0,20   [ RunTime:0.000149s ]
SQL: SELECT COUNT(*) AS tp_count FROM `visa_question` LIMIT 1   [ RunTime:0.000140s ]

[ 2014-08-08T09:58:04+08:00 ] 101.226.33.226 /visaadmin.php
INFO: [ app_begin ] --START--
INFO: ReadHtmlCache Behavior ::run [ RunTime:0.000340s ]
INFO: [ app_begin ] --END-- [ RunTime:0.000455s ]
SQL: SHOW COLUMNS FROM `visa_question` [ RunTime:0.006062s ]
SQL: SELECT * FROM `visa_question`  [ RunTime:0.000110s ]
INFO: [ view_parse ] --START--
INFO: ParseTemplate Behavior ::run [ RunTime:0.006849s ]
INFO: [ view_parse ] --END-- [ RunTime:0.006933s ]
INFO: [ view_filter ] --START--
INFO: ContentReplace Behavior ::run [ RunTime:0.000306s ]
INFO: TokenBuild Behavior ::run [ RunTime:0.000298s ]
INFO: WriteHtmlCache Behavior ::run [ RunTime:0.000206s ]
INFO: ShowRuntime Behavior ::run [ RunTime:0.000390s ]
INFO: [ view_filter ] --END-- [ RunTime:0.001395s ]
INFO: [ view_end ] --START--
INFO: ShowPageTrace Behavior ::run [ RunTime:0.000519s ]
INFO: [ view_end ] --END-- [ RunTime:0.000584s ]

[ 2014-08-08T10:11:05+08:00 ] 61.141.156.62 /visaadmin.php
INFO: [ app_begin ] --START--
INFO: ReadHtmlCache Behavior ::run [ RunTime:0.000243s ]
INFO: [ app_begin ] --END-- [ RunTime:0.000316s ]
SQL: SHOW COLUMNS FROM `visa_question` [ RunTime:0.005480s ]
SQL: SELECT * FROM `visa_question`  [ RunTime:0.000093s ]
INFO: [ view_parse ] --START--
INFO: ParseTemplate Behavior ::run [ RunTime:0.003562s ]
INFO: [ view_parse ] --END-- [ RunTime:0.003608s ]
INFO: [ view_filter ] --START--
INFO: ContentReplace Behavior ::run [ RunTime:0.000152s ]
INFO: TokenBuild Behavior ::run [ RunTime:0.000153s ]
INFO: WriteHtmlCache Behavior ::run [ RunTime:0.000101s ]
INFO: ShowRuntime Behavior ::run [ RunTime:0.000197s ]
INFO: [ view_filter ] --END-- [ RunTime:0.000703s ]
INFO: [ view_end ] --START--
INFO: ShowPageTrace Behavior ::run [ RunTime:0.000274s ]
INFO: [ view_end ] --END-- [ RunTime:0.000307s ]

[ 2014-08-08T10:11:08+08:00 ] 61.141.156.62 /visaadmin.php/Question/read
INFO: [ route_check ] --START--
INFO: CheckRoute Behavior ::run [ RunTime:0.000329s ]
INFO: [ route_check ] --END-- [ RunTime:0.000399s ]
INFO: [ app_begin ] --START--
INFO: ReadHtmlCache Behavior ::run [ RunTime:0.000229s ]
INFO: [ app_begin ] --END-- [ RunTime:0.000262s ]
SQL: SHOW COLUMNS FROM `visa_question` [ RunTime:0.004250s ]
SQL: SELECT * FROM `visa_question` LIMIT 0,20   [ RunTime:0.000165s ]
SQL: SELECT COUNT(*) AS tp_count FROM `visa_question` LIMIT 1   [ RunTime:0.000136s ]

[ 2014-08-08T10:11:11+08:00 ] 61.141.156.62 /visaadmin.php
INFO: [ app_begin ] --START--
INFO: ReadHtmlCache Behavior ::run [ RunTime:0.000474s ]
INFO: [ app_begin ] --END-- [ RunTime:0.000609s ]
SQL: SHOW COLUMNS FROM `visa_question` [ RunTime:0.004578s ]
SQL: SELECT * FROM `visa_question`  [ RunTime:0.000104s ]
INFO: [ view_parse ] --START--
INFO: ParseTemplate Behavior ::run [ RunTime:0.006795s ]
INFO: [ view_parse ] --END-- [ RunTime:0.006882s ]
INFO: [ view_filter ] --START--
INFO: ContentReplace Behavior ::run [ RunTime:0.000303s ]
INFO: TokenBuild Behavior ::run [ RunTime:0.000295s ]
INFO: WriteHtmlCache Behavior ::run [ RunTime:0.000203s ]
INFO: ShowRuntime Behavior ::run [ RunTime:0.000368s ]
INFO: [ view_filter ] --END-- [ RunTime:0.001355s ]
INFO: [ view_end ] --START--
INFO: ShowPageTrace Behavior ::run [ RunTime:0.000523s ]
INFO: [ view_end ] --END-- [ RunTime:0.000587s ]

[ 2014-08-08T10:11:13+08:00 ] 61.141.156.62 /visaadmin.php/Question/read
INFO: [ route_check ] --START--
INFO: CheckRoute Behavior ::run [ RunTime:0.000336s ]
INFO: [ route_check ] --END-- [ RunTime:0.000411s ]
INFO: [ app_begin ] --START--
INFO: ReadHtmlCache Behavior ::run [ RunTime:0.000207s ]
INFO: [ app_begin ] --END-- [ RunTime:0.000240s ]
SQL: SHOW COLUMNS FROM `visa_question` [ RunTime:0.003214s ]
SQL: SELECT * FROM `visa_question` LIMIT 0,20   [ RunTime:0.000092s ]
SQL: SELECT COUNT(*) AS tp_count FROM `visa_question` LIMIT 1   [ RunTime:0.000026s ]

[ 2014-08-08T10:11:44+08:00 ] 61.141.156.62 /visaadmin.php
INFO: [ app_begin ] --START--
INFO: ReadHtmlCache Behavior ::run [ RunTime:0.000221s ]
INFO: [ app_begin ] --END-- [ RunTime:0.000287s ]
SQL: SHOW COLUMNS FROM `visa_question` [ RunTime:0.004814s ]
SQL: SELECT * FROM `visa_question`  [ RunTime:0.000056s ]
INFO: [ view_parse ] --START--
INFO: ParseTemplate Behavior ::run [ RunTime:0.003156s ]
INFO: [ view_parse ] --END-- [ RunTime:0.003197s ]
INFO: [ view_filter ] --START--
INFO: ContentReplace Behavior ::run [ RunTime:0.000142s ]
INFO: TokenBuild Behavior ::run [ RunTime:0.000137s ]
INFO: WriteHtmlCache Behavior ::run [ RunTime:0.000092s ]
INFO: ShowRuntime Behavior ::run [ RunTime:0.000171s ]
INFO: [ view_filter ] --END-- [ RunTime:0.000629s ]
INFO: [ view_end ] --START--
INFO: ShowPageTrace Behavior ::run [ RunTime:0.000315s ]
INFO: [ view_end ] --END-- [ RunTime:0.000345s ]

[ 2014-08-08T10:11:46+08:00 ] 61.141.156.62 /visaadmin.php/Question/read
INFO: [ route_check ] --START--
INFO: CheckRoute Behavior ::run [ RunTime:0.000332s ]
INFO: [ route_check ] --END-- [ RunTime:0.000399s ]
INFO: [ app_begin ] --START--
INFO: ReadHtmlCache Behavior ::run [ RunTime:0.000268s ]
INFO: [ app_begin ] --END-- [ RunTime:0.000315s ]
SQL: SHOW COLUMNS FROM `visa_question` [ RunTime:0.004631s ]
SQL: SELECT * FROM `visa_question` LIMIT 0,20   [ RunTime:0.000078s ]
SQL: SELECT COUNT(*) AS tp_count FROM `visa_question` LIMIT 1   [ RunTime:0.000025s ]

[ 2014-08-08T10:11:49+08:00 ] 61.141.156.62 /visaadmin.php
INFO: [ app_begin ] --START--
INFO: ReadHtmlCache Behavior ::run [ RunTime:0.000466s ]
INFO: [ app_begin ] --END-- [ RunTime:0.000600s ]
SQL: SHOW COLUMNS FROM `visa_question` [ RunTime:0.004641s ]
SQL: SELECT * FROM `visa_question`  [ RunTime:0.000114s ]
INFO: [ view_parse ] --START--
INFO: ParseTemplate Behavior ::run [ RunTime:0.007231s ]
INFO: [ view_parse ] --END-- [ RunTime:0.007318s ]
INFO: [ view_filter ] --START--
INFO: ContentReplace Behavior ::run [ RunTime:0.000300s ]
INFO: TokenBuild Behavior ::run [ RunTime:0.000293s ]
INFO: WriteHtmlCache Behavior ::run [ RunTime:0.000216s ]
INFO: ShowRuntime Behavior ::run [ RunTime:0.000384s ]
INFO: [ view_filter ] --END-- [ RunTime:0.001410s ]
INFO: [ view_end ] --START--
INFO: ShowPageTrace Behavior ::run [ RunTime:0.000534s ]
INFO: [ view_end ] --END-- [ RunTime:0.000600s ]

[ 2014-08-08T10:11:57+08:00 ] 61.141.156.62 /visaadmin.php/Question/read
INFO: [ route_check ] --START--
INFO: CheckRoute Behavior ::run [ RunTime:0.000352s ]
INFO: [ route_check ] --END-- [ RunTime:0.000425s ]
INFO: [ app_begin ] --START--
INFO: ReadHtmlCache Behavior ::run [ RunTime:0.000201s ]
INFO: [ app_begin ] --END-- [ RunTime:0.000238s ]
SQL: SHOW COLUMNS FROM `visa_question` [ RunTime:0.004679s ]
SQL: SELECT * FROM `visa_question` LIMIT 0,20   [ RunTime:0.000060s ]
SQL: SELECT COUNT(*) AS tp_count FROM `visa_question` LIMIT 1   [ RunTime:0.000034s ]

[ 2014-08-08T10:12:00+08:00 ] 61.141.156.62 /visaadmin.php
INFO: [ app_begin ] --START--
INFO: ReadHtmlCache Behavior ::run [ RunTime:0.000474s ]
INFO: [ app_begin ] --END-- [ RunTime:0.000612s ]
SQL: SHOW COLUMNS FROM `visa_question` [ RunTime:0.005910s ]
SQL: SELECT * FROM `visa_question`  [ RunTime:0.000105s ]
INFO: [ view_parse ] --START--
INFO: ParseTemplate Behavior ::run [ RunTime:0.006831s ]
INFO: [ view_parse ] --END-- [ RunTime:0.006917s ]
INFO: [ view_filter ] --START--
INFO: ContentReplace Behavior ::run [ RunTime:0.000302s ]
INFO: TokenBuild Behavior ::run [ RunTime:0.000302s ]
INFO: WriteHtmlCache Behavior ::run [ RunTime:0.000195s ]
INFO: ShowRuntime Behavior ::run [ RunTime:0.000365s ]
INFO: [ view_filter ] --END-- [ RunTime:0.001355s ]
INFO: [ view_end ] --START--
INFO: ShowPageTrace Behavior ::run [ RunTime:0.000535s ]
INFO: [ view_end ] --END-- [ RunTime:0.000598s ]

[ 2014-08-08T10:12:10+08:00 ] 61.141.156.62 /visaadmin.php/Question/read
INFO: [ route_check ] --START--
INFO: CheckRoute Behavior ::run [ RunTime:0.000730s ]
INFO: [ route_check ] --END-- [ RunTime:0.000874s ]
INFO: [ app_begin ] --START--
INFO: ReadHtmlCache Behavior ::run [ RunTime:0.000206s ]
INFO: [ app_begin ] --END-- [ RunTime:0.000239s ]
SQL: SHOW COLUMNS FROM `visa_question` [ RunTime:0.004818s ]
SQL: SELECT * FROM `visa_question` LIMIT 0,20   [ RunTime:0.000092s ]
SQL: SELECT COUNT(*) AS tp_count FROM `visa_question` LIMIT 1   [ RunTime:0.000025s ]

[ 2014-08-08T10:12:20+08:00 ] 119.147.3.188 /visaadmin.php
INFO: [ app_begin ] --START--
INFO: ReadHtmlCache Behavior ::run [ RunTime:0.000212s ]
INFO: [ app_begin ] --END-- [ RunTime:0.000278s ]
SQL: SHOW COLUMNS FROM `visa_question` [ RunTime:0.003641s ]
SQL: SELECT * FROM `visa_question`  [ RunTime:0.000052s ]
INFO: [ view_parse ] --START--
INFO: ParseTemplate Behavior ::run [ RunTime:0.003131s ]
INFO: [ view_parse ] --END-- [ RunTime:0.003171s ]
INFO: [ view_filter ] --START--
INFO: ContentReplace Behavior ::run [ RunTime:0.000145s ]
INFO: TokenBuild Behavior ::run [ RunTime:0.000140s ]
INFO: WriteHtmlCache Behavior ::run [ RunTime:0.000092s ]
INFO: ShowRuntime Behavior ::run [ RunTime:0.000173s ]
INFO: [ view_filter ] --END-- [ RunTime:0.000638s ]
INFO: [ view_end ] --START--
INFO: ShowPageTrace Behavior ::run [ RunTime:0.000246s ]
INFO: [ view_end ] --END-- [ RunTime:0.000275s ]

[ 2014-08-08T10:12:20+08:00 ] 123.151.37.144 /visaadmin.php
INFO: [ app_begin ] --START--
INFO: ReadHtmlCache Behavior ::run [ RunTime:0.000222s ]
INFO: [ app_begin ] --END-- [ RunTime:0.000305s ]
SQL: SHOW COLUMNS FROM `visa_question` [ RunTime:0.005668s ]
SQL: SELECT * FROM `visa_question`  [ RunTime:0.000068s ]
INFO: [ view_parse ] --START--
INFO: ParseTemplate Behavior ::run [ RunTime:0.003193s ]
INFO: [ view_parse ] --END-- [ RunTime:0.003245s ]
INFO: [ view_filter ] --START--
INFO: ContentReplace Behavior ::run [ RunTime:0.000151s ]
INFO: TokenBuild Behavior ::run [ RunTime:0.000139s ]
INFO: WriteHtmlCache Behavior ::run [ RunTime:0.000092s ]
INFO: ShowRuntime Behavior ::run [ RunTime:0.000176s ]
INFO: [ view_filter ] --END-- [ RunTime:0.000653s ]
INFO: [ view_end ] --START--
INFO: ShowPageTrace Behavior ::run [ RunTime:0.000242s ]
INFO: [ view_end ] --END-- [ RunTime:0.000272s ]

[ 2014-08-08T10:12:23+08:00 ] 14.17.34.190 /visaadmin.php
INFO: [ app_begin ] --START--
INFO: ReadHtmlCache Behavior ::run [ RunTime:0.000213s ]
INFO: [ app_begin ] --END-- [ RunTime:0.000279s ]
SQL: SHOW COLUMNS FROM `visa_question` [ RunTime:0.004933s ]
SQL: SELECT * FROM `visa_question`  [ RunTime:0.000097s ]
INFO: [ view_parse ] --START--
INFO: ParseTemplate Behavior ::run [ RunTime:0.003183s ]
INFO: [ view_parse ] --END-- [ RunTime:0.003223s ]
INFO: [ view_filter ] --START--
INFO: ContentReplace Behavior ::run [ RunTime:0.000142s ]
INFO: TokenBuild Behavior ::run [ RunTime:0.000136s ]
INFO: WriteHtmlCache Behavior ::run [ RunTime:0.000091s ]
INFO: ShowRuntime Behavior ::run [ RunTime:0.000176s ]
INFO: [ view_filter ] --END-- [ RunTime:0.000635s ]
INFO: [ view_end ] --START--
INFO: ShowPageTrace Behavior ::run [ RunTime:0.000240s ]
INFO: [ view_end ] --END-- [ RunTime:0.000268s ]

[ 2014-08-08T10:12:39+08:00 ] 183.63.48.194 /visaadmin.php
INFO: [ app_begin ] --START--
INFO: ReadHtmlCache Behavior ::run [ RunTime:0.000217s ]
INFO: [ app_begin ] --END-- [ RunTime:0.000289s ]
SQL: SHOW COLUMNS FROM `visa_question` [ RunTime:0.003678s ]
SQL: SELECT * FROM `visa_question`  [ RunTime:0.000052s ]
INFO: [ view_parse ] --START--
INFO: ParseTemplate Behavior ::run [ RunTime:0.003204s ]
INFO: [ view_parse ] --END-- [ RunTime:0.003252s ]
INFO: [ view_filter ] --START--
INFO: ContentReplace Behavior ::run [ RunTime:0.000148s ]
INFO: TokenBuild Behavior ::run [ RunTime:0.000145s ]
INFO: WriteHtmlCache Behavior ::run [ RunTime:0.000091s ]
INFO: ShowRuntime Behavior ::run [ RunTime:0.000176s ]
INFO: [ view_filter ] --END-- [ RunTime:0.000649s ]
INFO: [ view_end ] --START--
INFO: ShowPageTrace Behavior ::run [ RunTime:0.000239s ]
INFO: [ view_end ] --END-- [ RunTime:0.000280s ]

[ 2014-08-08T10:12:45+08:00 ] 183.63.48.194 /visaadmin.php/Question/read
INFO: [ route_check ] --START--
INFO: CheckRoute Behavior ::run [ RunTime:0.000334s ]
INFO: [ route_check ] --END-- [ RunTime:0.000405s ]
INFO: [ app_begin ] --START--
INFO: ReadHtmlCache Behavior ::run [ RunTime:0.000201s ]
INFO: [ app_begin ] --END-- [ RunTime:0.000236s ]
SQL: SHOW COLUMNS FROM `visa_question` [ RunTime:0.004226s ]
SQL: SELECT * FROM `visa_question` LIMIT 0,20   [ RunTime:0.000056s ]
SQL: SELECT COUNT(*) AS tp_count FROM `visa_question` LIMIT 1   [ RunTime:0.000029s ]

[ 2014-08-08T10:13:27+08:00 ] 61.141.156.62 /visaadmin.php
INFO: [ app_begin ] --START--
INFO: ReadHtmlCache Behavior ::run [ RunTime:0.000240s ]
INFO: [ app_begin ] --END-- [ RunTime:0.000320s ]
SQL: SHOW COLUMNS FROM `visa_question` [ RunTime:0.005790s ]
SQL: SELECT * FROM `visa_question`  [ RunTime:0.000082s ]
INFO: [ view_parse ] --START--
INFO: ParseTemplate Behavior ::run [ RunTime:0.005403s ]
INFO: [ view_parse ] --END-- [ RunTime:0.005585s ]
INFO: [ view_filter ] --START--
INFO: ContentReplace Behavior ::run [ RunTime:0.000267s ]
INFO: TokenBuild Behavior ::run [ RunTime:0.000204s ]
INFO: WriteHtmlCache Behavior ::run [ RunTime:0.000135s ]
INFO: ShowRuntime Behavior ::run [ RunTime:0.000261s ]
INFO: [ view_filter ] --END-- [ RunTime:0.001017s ]
INFO: [ view_end ] --START--
INFO: ShowPageTrace Behavior ::run [ RunTime:0.000358s ]
INFO: [ view_end ] --END-- [ RunTime:0.000404s ]

[ 2014-08-08T10:13:34+08:00 ] 61.141.156.62 /visaadmin.php/Question/read
INFO: [ route_check ] --START--
INFO: CheckRoute Behavior ::run [ RunTime:0.000747s ]
INFO: [ route_check ] --END-- [ RunTime:0.000890s ]
INFO: [ app_begin ] --START--
INFO: ReadHtmlCache Behavior ::run [ RunTime:0.000454s ]
INFO: [ app_begin ] --END-- [ RunTime:0.000528s ]
SQL: SHOW COLUMNS FROM `visa_question` [ RunTime:0.004956s ]
SQL: SELECT * FROM `visa_question` LIMIT 0,20   [ RunTime:0.000130s ]
SQL: SELECT COUNT(*) AS tp_count FROM `visa_question` LIMIT 1   [ RunTime:0.000081s ]

