[ 2014-08-09T14:25:12+08:00 ] 113.57.189.252 /visaadmin.php
INFO: [ app_begin ] --START--
INFO: ReadHtmlCache Behavior ::run [ RunTime:0.000220s ]
INFO: [ app_begin ] --END-- [ RunTime:0.000293s ]
SQL: SHOW COLUMNS FROM `visa_question` [ RunTime:0.004367s ]
SQL: SELECT * FROM `visa_question`  [ RunTime:0.000048s ]
INFO: [ view_parse ] --START--
INFO: ParseTemplate Behavior ::run [ RunTime:0.028015s ]
INFO: [ view_parse ] --END-- [ RunTime:0.028092s ]
INFO: [ view_filter ] --START--
INFO: ContentReplace Behavior ::run [ RunTime:0.000260s ]
INFO: TokenBuild Behavior ::run [ RunTime:0.000314s ]
INFO: WriteHtmlCache Behavior ::run [ RunTime:0.000168s ]
INFO: ShowRuntime Behavior ::run [ RunTime:0.000282s ]
INFO: [ view_filter ] --END-- [ RunTime:0.001180s ]
INFO: [ view_end ] --START--
INFO: ShowPageTrace Behavior ::run [ RunTime:0.000390s ]
INFO: [ view_end ] --END-- [ RunTime:0.000437s ]

[ 2014-08-09T14:26:06+08:00 ] 113.57.189.252 /visaadmin.php/Question/read
INFO: [ route_check ] --START--
INFO: CheckRoute Behavior ::run [ RunTime:0.000346s ]
INFO: [ route_check ] --END-- [ RunTime:0.000428s ]
INFO: [ app_begin ] --START--
INFO: ReadHtmlCache Behavior ::run [ RunTime:0.000201s ]
INFO: [ app_begin ] --END-- [ RunTime:0.000233s ]
SQL: SHOW COLUMNS FROM `visa_question` [ RunTime:0.004298s ]
SQL: SELECT * FROM `visa_question` LIMIT 0,20   [ RunTime:0.013636s ]
SQL: SELECT COUNT(*) AS tp_count FROM `visa_question` LIMIT 1   [ RunTime:0.000160s ]

[ 2014-08-09T14:26:22+08:00 ] 113.57.189.252 /visaadmin.php/Question/insert
INFO: [ route_check ] --START--
INFO: CheckRoute Behavior ::run [ RunTime:0.000333s ]
INFO: [ route_check ] --END-- [ RunTime:0.000402s ]
INFO: [ app_begin ] --START--
INFO: ReadHtmlCache Behavior ::run [ RunTime:0.000204s ]
INFO: [ app_begin ] --END-- [ RunTime:0.000244s ]
SQL: SHOW COLUMNS FROM `visa_question` [ RunTime:0.005651s ]
SQL: INSERT INTO `visa_question` (`title`,`content`) VALUES ('','') [ RunTime:0.051959s ]

[ 2014-08-09T14:26:23+08:00 ] 113.57.189.252 /visaadmin.php/Question/read
INFO: [ route_check ] --START--
INFO: CheckRoute Behavior ::run [ RunTime:0.000720s ]
INFO: [ route_check ] --END-- [ RunTime:0.000853s ]
INFO: [ app_begin ] --START--
INFO: ReadHtmlCache Behavior ::run [ RunTime:0.000438s ]
INFO: [ app_begin ] --END-- [ RunTime:0.000513s ]
SQL: SHOW COLUMNS FROM `visa_question` [ RunTime:0.004877s ]
SQL: SELECT * FROM `visa_question` LIMIT 0,20   [ RunTime:0.000257s ]
SQL: SELECT COUNT(*) AS tp_count FROM `visa_question` LIMIT 1   [ RunTime:0.000156s ]

[ 2014-08-09T14:26:28+08:00 ] 113.57.189.252 /visaadmin.php/Question/delete
INFO: [ route_check ] --START--
INFO: CheckRoute Behavior ::run [ RunTime:0.000575s ]
INFO: [ route_check ] --END-- [ RunTime:0.000702s ]
INFO: [ app_begin ] --START--
INFO: ReadHtmlCache Behavior ::run [ RunTime:0.000437s ]
INFO: [ app_begin ] --END-- [ RunTime:0.000510s ]
SQL: SHOW COLUMNS FROM `visa_question` [ RunTime:0.004705s ]
SQL: DELETE FROM `visa_question` WHERE ( `id` = 7 ) [ RunTime:0.002713s ]

[ 2014-08-09T14:26:29+08:00 ] 113.57.189.252 /visaadmin.php/Question/read
INFO: [ route_check ] --START--
INFO: CheckRoute Behavior ::run [ RunTime:0.000339s ]
INFO: [ route_check ] --END-- [ RunTime:0.000411s ]
INFO: [ app_begin ] --START--
INFO: ReadHtmlCache Behavior ::run [ RunTime:0.000201s ]
INFO: [ app_begin ] --END-- [ RunTime:0.000234s ]
SQL: SHOW COLUMNS FROM `visa_question` [ RunTime:0.005000s ]
SQL: SELECT * FROM `visa_question` LIMIT 0,20   [ RunTime:0.000148s ]
SQL: SELECT COUNT(*) AS tp_count FROM `visa_question` LIMIT 1   [ RunTime:0.000089s ]

